Arguments: 
  /home/wadmin/.nvm/versions/node/v16.17.0/bin/node /usr/share/yarn/bin/yarn.js add express corrs bcrypt mongoose

PATH: 
  /home/wadmin/.nvm/versions/node/v16.17.0/bin:/usr/local/sbin:/usr/local/bin:/usr/sbin:/usr/bin:/sbin:/bin:/usr/games:/usr/local/games:/snap/bin:/snap/bin:/home/wadmin/Android/Sdk/emulator:/home/wadmin/Android/Sdk/tools:/home/wadmin/Android/Sdk/tools/bin:/home/wadmin/Android/Sdk/platform-tools:/home/wadmin/Android/Sdk/emulator:/home/wadmin/Android/Sdk/tools:/home/wadmin/Android/Sdk/tools/bin:/home/wadmin/Android/Sdk/platform-tools

Yarn version: 
  1.22.19

Node version: 
  16.17.0

Platform: 
  linux x64

Trace: 
  Error: https://registry.yarnpkg.com/corrs: Not found
      at Request.params.callback [as _callback] (/usr/share/yarn/lib/cli.js:66145:18)
      at Request.self.callback (/usr/share/yarn/lib/cli.js:140890:22)
      at Request.emit (node:events:513:28)
      at Request.<anonymous> (/usr/share/yarn/lib/cli.js:141862:10)
      at Request.emit (node:events:513:28)
      at IncomingMessage.<anonymous> (/usr/share/yarn/lib/cli.js:141784:12)
      at Object.onceWrapper (node:events:627:28)
      at IncomingMessage.emit (node:events:525:35)
      at endReadableNT (node:internal/streams/readable:1358:12)
      at processTicksAndRejections (node:internal/process/task_queues:83:21)

npm manifest: 
  {
    "name": "server",
    "version": "1.0.0",
    "main": "index.js",
    "license": "MIT"
  }

yarn manifest: 
  No manifest

Lockfile: 
  No lockfile
